2017-08-12 15:26:05,261 [INFO] from akka.event.slf4j.Slf4jLogger in application-akka.actor.default-dispatcher-5 - Slf4jLogger started
2017-08-12 15:26:05,389 [INFO] from play.api.http.EnabledFilters in play-dev-mode-akka.actor.default-dispatcher-12 - Enabled Filters (see <https://www.playframework.com/documentation/latest/Filters>):


2017-08-12 15:26:05,469 [INFO] from play.api.Play in play-dev-mode-akka.actor.default-dispatcher-12 - Application started (Dev)
2017-08-12 15:27:29,842 [INFO] from akka.event.slf4j.Slf4jLogger in application-akka.actor.default-dispatcher-2 - Slf4jLogger started
2017-08-12 15:27:29,853 [INFO] from play.api.http.EnabledFilters in play-dev-mode-akka.actor.default-dispatcher-11 - Enabled Filters (see <https://www.playframework.com/documentation/latest/Filters>):


2017-08-12 15:27:29,869 [INFO] from play.api.Play in play-dev-mode-akka.actor.default-dispatcher-11 - Application started (Dev)
2017-08-12 15:27:37,745 [DEBUG] from controllers.HomeController in application-akka.actor.default-dispatcher-3 - [source] Element: hi
2017-08-12 15:27:37,749 [DEBUG] from controllers.HomeController in application-akka.actor.default-dispatcher-3 - [userFlow] Element: hi
2017-08-12 15:27:37,749 [DEBUG] from controllers.HomeController in application-akka.actor.default-dispatcher-3 - [userFlow] Element: hi
2017-08-12 15:27:40,827 [DEBUG] from controllers.HomeController in application-akka.actor.default-dispatcher-2 - [source] Element: E trung
2017-08-12 15:27:40,827 [DEBUG] from controllers.HomeController in application-akka.actor.default-dispatcher-2 - [userFlow] Element: E trung
2017-08-12 15:27:40,827 [DEBUG] from controllers.HomeController in application-akka.actor.default-dispatcher-2 - [userFlow] Element: E trung
2017-08-12 15:27:40,941 [DEBUG] from controllers.HomeController in application-akka.actor.default-dispatcher-3 - [source] Element: xin chao
2017-08-12 15:27:40,942 [DEBUG] from controllers.HomeController in application-akka.actor.default-dispatcher-3 - [userFlow] Element: xin chao
2017-08-12 15:27:40,942 [DEBUG] from controllers.HomeController in application-akka.actor.default-dispatcher-3 - [userFlow] Element: xin chao
2017-08-12 15:27:53,413 [DEBUG] from controllers.HomeController in application-akka.actor.default-dispatcher-3 - [source] Element: Toi dap nhau không
2017-08-12 15:27:53,413 [DEBUG] from controllers.HomeController in application-akka.actor.default-dispatcher-3 - [userFlow] Element: Toi dap nhau không
2017-08-12 15:27:53,413 [DEBUG] from controllers.HomeController in application-akka.actor.default-dispatcher-3 - [userFlow] Element: Toi dap nhau không
2017-08-12 15:27:53,989 [DEBUG] from controllers.HomeController in application-akka.actor.default-dispatcher-2 - [source] Element: uong ca phe phe
2017-08-12 15:27:53,989 [DEBUG] from controllers.HomeController in application-akka.actor.default-dispatcher-2 - [userFlow] Element: uong ca phe phe
2017-08-12 15:27:53,989 [DEBUG] from controllers.HomeController in application-akka.actor.default-dispatcher-2 - [userFlow] Element: uong ca phe phe
2017-08-12 15:27:57,004 [DEBUG] from controllers.HomeController in application-akka.actor.default-dispatcher-2 - [source] Element: Haha
2017-08-12 15:27:57,004 [DEBUG] from controllers.HomeController in application-akka.actor.default-dispatcher-2 - [userFlow] Element: Haha
2017-08-12 15:27:57,004 [DEBUG] from controllers.HomeController in application-akka.actor.default-dispatcher-2 - [userFlow] Element: Haha
2017-08-12 15:28:04,301 [DEBUG] from controllers.HomeController in application-akka.actor.default-dispatcher-3 - [source] Element: 🎅
2017-08-12 15:28:04,301 [DEBUG] from controllers.HomeController in application-akka.actor.default-dispatcher-3 - [userFlow] Element: 🎅
2017-08-12 15:28:04,301 [DEBUG] from controllers.HomeController in application-akka.actor.default-dispatcher-3 - [userFlow] Element: 🎅
2017-08-12 15:28:17,038 [DEBUG] from controllers.HomeController in application-akka.actor.default-dispatcher-2 - [source] Element: 🌵🌾
2017-08-12 15:28:17,039 [DEBUG] from controllers.HomeController in application-akka.actor.default-dispatcher-2 - [userFlow] Element: 🌵🌾
2017-08-12 15:28:17,039 [DEBUG] from controllers.HomeController in application-akka.actor.default-dispatcher-2 - [userFlow] Element: 🌵🌾
2017-08-12 15:28:27,083 [INFO] from akka.actor.CoordinatedShutdown in application-akka.actor.default-dispatcher-2 - Starting coordinated shutdown from JVM shutdown hook
2017-08-12 15:28:27,142 [INFO] from play.core.server.AkkaHttpServer in pool-4-thread-3 - Stopping server...
